<testsuites id="" name="" tests="8" failures="0" skipped="0" errors="0" time="48.801184">
<testsuite name="i18n/language-switch.spec.ts" timestamp="2026-03-12T06:42:00.572Z" hostname="chromium" tests="8" failures="0" skipped="0" time="47.024" errors="0">
<testcase name="语言切换功能测试 › i18n-switch-001: 应该成功切换到目标语言 当用户选择语言" classname="i18n/language-switch.spec.ts" time="8.148">
</testcase>
<testcase name="语言切换功能测试 › i18n-switch-001: 应该验证所有 UI 文本更新 当切换到中文" classname="i18n/language-switch.spec.ts" time="4.623">
</testcase>
<testcase name="语言切换功能测试 › i18n-switch-001: 应该验证所有 UI 文本更新 当切换到英文" classname="i18n/language-switch.spec.ts" time="5.161">
</testcase>
<testcase name="语言切换功能测试 › i18n-switch-002: 应该正确处理快速连续语言切换" classname="i18n/language-switch.spec.ts" time="12.448">
<system-out>
<![CDATA[最终语言: [1mnull[22m
]]>
</system-out>
</testcase>
<testcase name="语言切换功能测试 › i18n-switch-003: 应该在切换过程中禁用语言选择器" classname="i18n/language-switch.spec.ts" time="3.977">
</testcase>
<testcase name="语言切换功能测试 › i18n-switch-003: 应该只发送一次切换请求 当快速点击同一语言" classname="i18n/language-switch.spec.ts" time="5.774">
<system-out>
<![CDATA[中文请求次数: [33m8[39m
]]>
</system-out>
</testcase>
<testcase name="语言切换功能测试 › 应该验证无页面刷新或闪烁 当切换语言" classname="i18n/language-switch.spec.ts" time="4.108">
</testcase>
<testcase name="语言切换功能测试 › 应该正确显示下拉框当前选中的语言" classname="i18n/language-switch.spec.ts" time="2.785">
<system-out>
<![CDATA[localStorage 中的语言: en
语言选择器文本: 🇺🇸 English
]]>
</system-out>
</testcase>
</testsuite>
</testsuites>